<?xml version="1.0" encoding="UTF-8"?>
<!-- Generated by org.testng.reporters.JUnitXMLReporter -->
<testsuite ignored="0" hostname="Ravi" failures="1" tests="2" name="Test" time="23.257" errors="0" timestamp="2026-02-03T02:29:41 IST">
  <testcase classname="testCases.TC001_AccountRegistration" name="Registeration" time="5.114"/>
  <testcase classname="testCases.Tc002_LoginTest" name="homepage" time="12.186">
    <failure type="java.lang.AssertionError" message="expected [true] but found [false]">
      <![CDATA[java.lang.AssertionError: expected [true] but found [false]
at testCases.Tc002_LoginTest.homepage(Tc002_LoginTest.java:30)
at java.base/java.util.ArrayList.forEach(ArrayList.java:1511)
... Removed 31 stack frames]]>
    </failure>
  </testcase> <!-- homepage -->
</testsuite> <!-- Test -->
