<?xml version="1.0" encoding="UTF-8"?>
<!-- Generated by org.testng.reporters.JUnitXMLReporter -->
<testsuite ignored="0" hostname="Ravi" failures="1" tests="2" name="Test" time="22.332" errors="0" timestamp="2026-02-05T17:55:15 IST">
  <testcase classname="testCases.TC001_AccountRegistration" name="Registeration" time="3.908"/>
  <testcase classname="testCases.Tc002_LoginTest" name="homepage" time="14.007">
    <failure type="java.lang.AssertionError" message="Test failed due to exception: element click intercepted: Element is not clickable at point (853, 985)
  (Session info: chrome=144.0.7559.110)
Build info: version: &amp;apos;4.21.0&amp;apos;, revision: &amp;apos;79ed462ef4&amp;apos;
System info: os.name: &amp;apos;Windows 11&amp;apos;, os.arch: &amp;apos;amd64&amp;apos;, os.version: &amp;apos;10.0&amp;apos;, java.version: &amp;apos;17.0.17&amp;apos;
Driver info: org.openqa.selenium.chrome.ChromeDriver
Command: [f8c17238bbac3ec23186a3620ff995e6, clickElement {id=f.E7268C0120D8793A077AD3932C9724E8.d.71EF81F008A5ECD31C3CEF50DF8FAF43.e.86}]
Capabilities {acceptInsecureCerts: false, browserName: chrome, browserVersion: 144.0.7559.110, chrome: {chromedriverVersion: 144.0.7559.133 (7da823b1d59..., userDataDir: C:\Users\ravis\AppData\Loca...}, fedcm:accounts: true, goog:chromeOptions: {debuggerAddress: localhost:62923}, goog:processID: 3312, networkConnectionEnabled: false, pageLoadStrategy: normal, platformName: windows, proxy: Proxy(), se:cdp: ws://localhost:62923/devtoo..., se:cdpVersion: 144.0.7559.110, setWindowRect: true, strictFileInteractability: false, timeouts: {implicit: 0, pageLoad: 300000, script: 30000}, unhandledPromptBehavior: dismiss and notify, webauthn:extension:credBlob: true, webauthn:extension:largeBlob: true, webauthn:extension:minPinLength: true, webauthn:extension:prf: true, webauthn:virtualAuthenticators: true}
Element: [[ChromeDriver: chrome on windows (f8c17238bbac3ec23186a3620ff995e6)] -&amp;gt; xpath: //div[@class=&amp;apos;description&amp;apos;]//a[contains(text(),&amp;apos;Canon EOS 5D&amp;apos;)]]
Session ID: f8c17238bbac3ec23186a3620ff995e6">
      <![CDATA[java.lang.AssertionError: Test failed due to exception: element click intercepted: Element is not clickable at point (853, 985)
  (Session info: chrome=144.0.7559.110)
Build info: version: '4.21.0', revision: '79ed462ef4'
System info: os.name: 'Windows 11', os.arch: 'amd64', os.version: '10.0', java.version: '17.0.17'
Driver info: org.openqa.selenium.chrome.ChromeDriver
Command: [f8c17238bbac3ec23186a3620ff995e6, clickElement {id=f.E7268C0120D8793A077AD3932C9724E8.d.71EF81F008A5ECD31C3CEF50DF8FAF43.e.86}]
Capabilities {acceptInsecureCerts: false, browserName: chrome, browserVersion: 144.0.7559.110, chrome: {chromedriverVersion: 144.0.7559.133 (7da823b1d59..., userDataDir: C:\Users\ravis\AppData\Loca...}, fedcm:accounts: true, goog:chromeOptions: {debuggerAddress: localhost:62923}, goog:processID: 3312, networkConnectionEnabled: false, pageLoadStrategy: normal, platformName: windows, proxy: Proxy(), se:cdp: ws://localhost:62923/devtoo..., se:cdpVersion: 144.0.7559.110, setWindowRect: true, strictFileInteractability: false, timeouts: {implicit: 0, pageLoad: 300000, script: 30000}, unhandledPromptBehavior: dismiss and notify, webauthn:extension:credBlob: true, webauthn:extension:largeBlob: true, webauthn:extension:minPinLength: true, webauthn:extension:prf: true, webauthn:virtualAuthenticators: true}
Element: [[ChromeDriver: chrome on windows (f8c17238bbac3ec23186a3620ff995e6)] -> xpath: //div[@class='description']//a[contains(text(),'Canon EOS 5D')]]
Session ID: f8c17238bbac3ec23186a3620ff995e6
at testCases.Tc002_LoginTest.homepage(Tc002_LoginTest.java:98)
at java.base/java.util.ArrayList.forEach(ArrayList.java:1511)
... Removed 32 stack frames]]>
    </failure>
  </testcase> <!-- homepage -->
</testsuite> <!-- Test -->
