<?xml version="1.0" encoding="UTF-8"?>
<testng-results ignored="0" total="2" passed="2" failed="0" skipped="0">
  <reporter-output>
  </reporter-output>
  <suite started-at="2026-02-05T12:13:17 IST" name="Suite" finished-at="2026-02-05T12:13:52 IST" duration-ms="34967">
    <groups>
      <group name="Master">
        <method signature="TC001_AccountRegistration.Registeration()[pri:0, instance:testCases.TC001_AccountRegistration@bf1ec20]" name="Registeration" class="testCases.TC001_AccountRegistration"/>
        <method signature="Tc002_LoginTest.homepage()[pri:0, instance:testCases.Tc002_LoginTest@4a11eb84]" name="homepage" class="testCases.Tc002_LoginTest"/>
      </group> <!-- Master -->
      <group name="Sanity">
        <method signature="TC001_AccountRegistration.Registeration()[pri:0, instance:testCases.TC001_AccountRegistration@bf1ec20]" name="Registeration" class="testCases.TC001_AccountRegistration"/>
      </group> <!-- Sanity -->
      <group name="Regression">
        <method signature="Tc002_LoginTest.homepage()[pri:0, instance:testCases.Tc002_LoginTest@4a11eb84]" name="homepage" class="testCases.Tc002_LoginTest"/>
      </group> <!-- Regression -->
    </groups>
    <test started-at="2026-02-05T12:13:17 IST" name="Test" finished-at="2026-02-05T12:13:52 IST" duration-ms="34967">
      <class name="testCases.TC001_AccountRegistration">
        <test-method is-config="true" signature="Setup(java.lang.String,java.lang.String)[pri:0, instance:testCases.TC001_AccountRegistration@bf1ec20]" started-at="2026-02-05T12:13:17 IST" name="Setup" finished-at="2026-02-05T12:13:20 IST" duration-ms="3003" status="PASS">
          <params>
            <param index="0">
              <value>
                <![CDATA[windows]]>
              </value>
            </param>
            <param index="1">
              <value>
                <![CDATA[chrome]]>
              </value>
            </param>
          </params>
          <reporter-output>
          </reporter-output>
        </test-method> <!-- Setup -->
        <test-method signature="Registeration()[pri:0, instance:testCases.TC001_AccountRegistration@bf1ec20]" started-at="2026-02-05T12:13:20 IST" name="Registeration" finished-at="2026-02-05T12:13:25 IST" duration-ms="5065" status="PASS">
          <reporter-output>
          </reporter-output>
        </test-method> <!-- Registeration -->
        <test-method is-config="true" signature="tearDown()[pri:0, instance:testCases.TC001_AccountRegistration@bf1ec20]" started-at="2026-02-05T12:13:25 IST" name="tearDown" finished-at="2026-02-05T12:13:25 IST" duration-ms="332" status="PASS">
          <reporter-output>
          </reporter-output>
        </test-method> <!-- tearDown -->
      </class> <!-- testCases.TC001_AccountRegistration -->
      <class name="testCases.Tc002_LoginTest">
        <test-method is-config="true" signature="Setup(java.lang.String,java.lang.String)[pri:0, instance:testCases.Tc002_LoginTest@4a11eb84]" started-at="2026-02-05T12:13:25 IST" name="Setup" finished-at="2026-02-05T12:13:27 IST" duration-ms="1993" status="PASS">
          <params>
            <param index="0">
              <value>
                <![CDATA[windows]]>
              </value>
            </param>
            <param index="1">
              <value>
                <![CDATA[chrome]]>
              </value>
            </param>
          </params>
          <reporter-output>
          </reporter-output>
        </test-method> <!-- Setup -->
        <test-method signature="homepage()[pri:0, instance:testCases.Tc002_LoginTest@4a11eb84]" started-at="2026-02-05T12:13:27 IST" name="homepage" finished-at="2026-02-05T12:13:51 IST" duration-ms="23823" status="PASS">
          <reporter-output>
          </reporter-output>
        </test-method> <!-- homepage -->
        <test-method is-config="true" signature="tearDown()[pri:0, instance:testCases.Tc002_LoginTest@4a11eb84]" started-at="2026-02-05T12:13:51 IST" name="tearDown" finished-at="2026-02-05T12:13:52 IST" duration-ms="455" status="PASS">
          <reporter-output>
          </reporter-output>
        </test-method> <!-- tearDown -->
      </class> <!-- testCases.Tc002_LoginTest -->
    </test> <!-- Test -->
  </suite> <!-- Suite -->
</testng-results>
