<?xml version="1.0" encoding="UTF-8"?>
<testng-results ignored="0" total="2" passed="2" failed="0" skipped="0">
  <reporter-output>
  </reporter-output>
  <suite started-at="2026-02-01T13:27:51 IST" name="Suite" finished-at="2026-02-01T13:28:05 IST" duration-ms="14303">
    <groups>
      <group name="Master">
        <method signature="TC001_AccountRegistration.Registeration()[pri:0, instance:testCases.TC001_AccountRegistration@4e28bdd1]" name="Registeration" class="testCases.TC001_AccountRegistration"/>
        <method signature="Tc002_LoginTest.homepage()[pri:0, instance:testCases.Tc002_LoginTest@f0e995e]" name="homepage" class="testCases.Tc002_LoginTest"/>
      </group> <!-- Master -->
      <group name="Sanity">
        <method signature="TC001_AccountRegistration.Registeration()[pri:0, instance:testCases.TC001_AccountRegistration@4e28bdd1]" name="Registeration" class="testCases.TC001_AccountRegistration"/>
      </group> <!-- Sanity -->
      <group name="Regression">
        <method signature="Tc002_LoginTest.homepage()[pri:0, instance:testCases.Tc002_LoginTest@f0e995e]" name="homepage" class="testCases.Tc002_LoginTest"/>
      </group> <!-- Regression -->
    </groups>
    <test started-at="2026-02-01T13:27:51 IST" name="Test" finished-at="2026-02-01T13:28:05 IST" duration-ms="14303">
      <class name="testCases.TC001_AccountRegistration">
        <test-method is-config="true" signature="Setup(java.lang.String,java.lang.String)[pri:0, instance:testCases.TC001_AccountRegistration@4e28bdd1]" started-at="2026-02-01T13:27:51 IST" name="Setup" finished-at="2026-02-01T13:27:54 IST" duration-ms="3006" status="PASS">
          <params>
            <param index="0">
              <value>
                <![CDATA[window]]>
              </value>
            </param>
            <param index="1">
              <value>
                <![CDATA[chrome]]>
              </value>
            </param>
          </params>
          <reporter-output>
          </reporter-output>
        </test-method> <!-- Setup -->
        <test-method signature="Registeration()[pri:0, instance:testCases.TC001_AccountRegistration@4e28bdd1]" started-at="2026-02-01T13:27:54 IST" name="Registeration" finished-at="2026-02-01T13:28:00 IST" duration-ms="5340" status="PASS">
          <reporter-output>
          </reporter-output>
        </test-method> <!-- Registeration -->
        <test-method is-config="true" signature="tearDown()[pri:0, instance:testCases.TC001_AccountRegistration@4e28bdd1]" started-at="2026-02-01T13:28:00 IST" name="tearDown" finished-at="2026-02-01T13:28:00 IST" duration-ms="275" status="PASS">
          <reporter-output>
          </reporter-output>
        </test-method> <!-- tearDown -->
      </class> <!-- testCases.TC001_AccountRegistration -->
      <class name="testCases.Tc002_LoginTest">
        <test-method is-config="true" signature="Setup(java.lang.String,java.lang.String)[pri:0, instance:testCases.Tc002_LoginTest@f0e995e]" started-at="2026-02-01T13:28:00 IST" name="Setup" finished-at="2026-02-01T13:28:02 IST" duration-ms="1685" status="PASS">
          <params>
            <param index="0">
              <value>
                <![CDATA[window]]>
              </value>
            </param>
            <param index="1">
              <value>
                <![CDATA[chrome]]>
              </value>
            </param>
          </params>
          <reporter-output>
          </reporter-output>
        </test-method> <!-- Setup -->
        <test-method signature="homepage()[pri:0, instance:testCases.Tc002_LoginTest@f0e995e]" started-at="2026-02-01T13:28:02 IST" name="homepage" finished-at="2026-02-01T13:28:05 IST" duration-ms="3350" status="PASS">
          <reporter-output>
          </reporter-output>
        </test-method> <!-- homepage -->
        <test-method is-config="true" signature="tearDown()[pri:0, instance:testCases.Tc002_LoginTest@f0e995e]" started-at="2026-02-01T13:28:05 IST" name="tearDown" finished-at="2026-02-01T13:28:05 IST" duration-ms="259" status="PASS">
          <reporter-output>
          </reporter-output>
        </test-method> <!-- tearDown -->
      </class> <!-- testCases.Tc002_LoginTest -->
    </test> <!-- Test -->
  </suite> <!-- Suite -->
</testng-results>
