<?xml version="1.0" encoding="UTF-8"?>
<testng-results ignored="0" total="2" passed="2" failed="0" skipped="0">
  <reporter-output>
  </reporter-output>
  <suite started-at="2026-02-01T21:13:03 IST" name="Suite" finished-at="2026-02-01T21:13:16 IST" duration-ms="12658">
    <groups>
      <group name="Master">
        <method signature="TC001_AccountRegistration.Registeration()[pri:0, instance:testCases.TC001_AccountRegistration@41e350f1]" name="Registeration" class="testCases.TC001_AccountRegistration"/>
        <method signature="Tc002_LoginTest.homepage()[pri:0, instance:testCases.Tc002_LoginTest@d8305c2]" name="homepage" class="testCases.Tc002_LoginTest"/>
      </group> <!-- Master -->
      <group name="Sanity">
        <method signature="TC001_AccountRegistration.Registeration()[pri:0, instance:testCases.TC001_AccountRegistration@41e350f1]" name="Registeration" class="testCases.TC001_AccountRegistration"/>
      </group> <!-- Sanity -->
      <group name="Regression">
        <method signature="Tc002_LoginTest.homepage()[pri:0, instance:testCases.Tc002_LoginTest@d8305c2]" name="homepage" class="testCases.Tc002_LoginTest"/>
      </group> <!-- Regression -->
    </groups>
    <test started-at="2026-02-01T21:13:03 IST" name="Test" finished-at="2026-02-01T21:13:16 IST" duration-ms="12658">
      <class name="testCases.TC001_AccountRegistration">
        <test-method is-config="true" signature="Setup(java.lang.String,java.lang.String)[pri:0, instance:testCases.TC001_AccountRegistration@41e350f1]" started-at="2026-02-01T21:13:03 IST" name="Setup" finished-at="2026-02-01T21:13:07 IST" duration-ms="3101" status="PASS">
          <params>
            <param index="0">
              <value>
                <![CDATA[window]]>
              </value>
            </param>
            <param index="1">
              <value>
                <![CDATA[chrome]]>
              </value>
            </param>
          </params>
          <reporter-output>
          </reporter-output>
        </test-method> <!-- Setup -->
        <test-method signature="Registeration()[pri:0, instance:testCases.TC001_AccountRegistration@41e350f1]" started-at="2026-02-01T21:13:07 IST" name="Registeration" finished-at="2026-02-01T21:13:11 IST" duration-ms="3937" status="PASS">
          <reporter-output>
          </reporter-output>
        </test-method> <!-- Registeration -->
        <test-method is-config="true" signature="tearDown()[pri:0, instance:testCases.TC001_AccountRegistration@41e350f1]" started-at="2026-02-01T21:13:11 IST" name="tearDown" finished-at="2026-02-01T21:13:11 IST" duration-ms="379" status="PASS">
          <reporter-output>
          </reporter-output>
        </test-method> <!-- tearDown -->
      </class> <!-- testCases.TC001_AccountRegistration -->
      <class name="testCases.Tc002_LoginTest">
        <test-method is-config="true" signature="Setup(java.lang.String,java.lang.String)[pri:0, instance:testCases.Tc002_LoginTest@d8305c2]" started-at="2026-02-01T21:13:11 IST" name="Setup" finished-at="2026-02-01T21:13:13 IST" duration-ms="2041" status="PASS">
          <params>
            <param index="0">
              <value>
                <![CDATA[window]]>
              </value>
            </param>
            <param index="1">
              <value>
                <![CDATA[chrome]]>
              </value>
            </param>
          </params>
          <reporter-output>
          </reporter-output>
        </test-method> <!-- Setup -->
        <test-method signature="homepage()[pri:0, instance:testCases.Tc002_LoginTest@d8305c2]" started-at="2026-02-01T21:13:13 IST" name="homepage" finished-at="2026-02-01T21:13:16 IST" duration-ms="2630" status="PASS">
          <reporter-output>
          </reporter-output>
        </test-method> <!-- homepage -->
        <test-method is-config="true" signature="tearDown()[pri:0, instance:testCases.Tc002_LoginTest@d8305c2]" started-at="2026-02-01T21:13:16 IST" name="tearDown" finished-at="2026-02-01T21:13:16 IST" duration-ms="269" status="PASS">
          <reporter-output>
          </reporter-output>
        </test-method> <!-- tearDown -->
      </class> <!-- testCases.Tc002_LoginTest -->
    </test> <!-- Test -->
  </suite> <!-- Suite -->
</testng-results>
